[debug] [2022-12-25T09:20:40.359Z] ----------------------------------------------------------------------
[debug] [2022-12-25T09:20:40.363Z] Command:       C:\Program Files\nodejs\node.exe C:\Users\VivoBook\AppData\Roaming\npm\node_modules\firebase-tools\lib\bin\firebase.js init
[debug] [2022-12-25T09:20:40.363Z] CLI Version:   11.16.0
[debug] [2022-12-25T09:20:40.364Z] Platform:      win32
[debug] [2022-12-25T09:20:40.364Z] Node Version:  v18.12.1
[debug] [2022-12-25T09:20:40.365Z] Time:          Sun Dec 25 2022 16:20:40 GMT+0700 (เวลาอินโดจีน)
[debug] [2022-12-25T09:20:40.365Z] ----------------------------------------------------------------------
[debug] 
[debug] [2022-12-25T09:20:40.376Z] > command requires scopes: ["email","openid","https://www.googleapis.com/auth/cloudplatformprojects.readonly","https://www.googleapis.com/auth/firebase","https://www.googleapis.com/auth/cloud-platform"]
[debug] [2022-12-25T09:20:40.377Z] > authorizing via signed-in user (sunanta533848@gmail.com)
[info] 
     ######## #### ########  ######## ########     ###     ######  ########
     ##        ##  ##     ## ##       ##     ##  ##   ##  ##       ##
     ######    ##  ########  ######   ########  #########  ######  ######
     ##        ##  ##    ##  ##       ##     ## ##     ##       ## ##
     ##       #### ##     ## ######## ########  ##     ##  ######  ########

You're about to initialize a Firebase project in this directory:

  D:\std\DPJ\source

[info] 
=== Project Setup
[info] 
[info] First, let's associate this project directory with a Firebase project.
[info] You can create multiple project aliases by running firebase use --add, 
[info] but for now we'll just set up a default project.
[info] 
[debug] [2022-12-25T09:20:47.925Z] >>> [apiv2][query] GET https://firebase.googleapis.com/v1beta1/projects pageSize=100
[debug] [2022-12-25T09:21:00.318Z] <<< [apiv2][status] GET https://firebase.googleapis.com/v1beta1/projects 200
[debug] [2022-12-25T09:21:00.319Z] <<< [apiv2][body] GET https://firebase.googleapis.com/v1beta1/projects [omitted]
